<?xml version="1.0" encoding="UTF-8"?>
<testsuite name="rspec" tests="869" skipped="5" failures="1" errors="0" time="164.310654" timestamp="2020-03-31T16:15:29+00:00" hostname="a6e0f08bc8ed">
<properties>
<property name="seed" value="11950"/>
</properties>
<testcase classname="spec.requests.v4.categories_spec" name="Category API Dash V4 #index return all categories" file="./spec/requests/v4/categories_spec.rb" time="0.362702"></testcase>
<testcase classname="spec.requests.v4.games_spec" name="V4::GamesController#play inactive campaign should InvalidRecord error" file="./spec/requests/v4/games_spec.rb" time="0.804727"></testcase>
<testcase classname="spec.requests.v4.games_spec" name="V4::GamesController#play campaign Filter by audience should raise UserForbidden" file="./spec/requests/v4/games_spec.rb" time="0.185012"></testcase>
<testcase classname="spec.requests.v4.games_spec" name="V4::GamesController#play Valid transaction with no reward return no outcome as part of the response" file="./spec/requests/v4/games_spec.rb" time="0.270186"></testcase>
<testcase classname="spec.requests.v4.games_spec" name="V4::GamesController#play campaign with private rewards or system rewards should return system reward as part of the response" file="./spec/requests/v4/games_spec.rb" time="0.363782"></testcase>
<testcase classname="spec.requests.v4.games_spec" name="V4::GamesController#play campaign with private rewards or system rewards should return private reward as part of the response" file="./spec/requests/v4/games_spec.rb" time="0.374647"></testcase>
<testcase classname="spec.requests.v4.games_spec" name="V4::GamesController#play Invalid Game raises exception if moves are already used" file="./spec/requests/v4/games_spec.rb" time="0.165371"></testcase>
<testcase classname="spec.requests.v4.games_spec" name="V4::GamesController#play Invalid Game raises exception if move does not belong to current user" file="./spec/requests/v4/games_spec.rb" time="0.169120"></testcase>
<testcase classname="spec.requests.v4.games_spec" name="V4::GamesController#play Valid transaction with reward for move return voucher details as part of the response" file="./spec/requests/v4/games_spec.rb" time="0.232890"></testcase>
<testcase classname="spec.requests.v4.games_spec" name="V4::GamesController#play with user is not in audience should raise UserForbidden" file="./spec/requests/v4/games_spec.rb" time="0.205412"></testcase>
<testcase classname="spec.requests.v4.games_spec" name="V4::GamesController#play Try issue moves for user should not issue a move if campaign not enable auto issue moves" file="./spec/requests/v4/games_spec.rb" time="0.281767"></testcase>
<testcase classname="spec.requests.v4.games_spec" name="V4::GamesController#play Try issue moves for user should not issue a move if user has moves" file="./spec/requests/v4/games_spec.rb" time="0.220325"></testcase>
<testcase classname="spec.requests.v4.games_spec" name="V4::GamesController#play Try issue moves for user should issue a move if campaign enable auto issue moves and user not has moves" file="./spec/requests/v4/games_spec.rb" time="0.196908"></testcase>
<testcase classname="spec.requests.v4.games_spec" name="V4::GamesController#reserve Valid transaction with no reward should return null expiry_date for move with no reward outcome" file="./spec/requests/v4/games_spec.rb" time="0.231874"></testcase>
<testcase classname="spec.requests.v4.games_spec" name="V4::GamesController#reserve Valid transaction with no reward return loss after pre-play if it is lose and not confirmed" file="./spec/requests/v4/games_spec.rb" time="0.302612"></testcase>
<testcase classname="spec.requests.v4.games_spec" name="V4::GamesController#reserve Valid transaction with no reward return no outcome as part of the response" file="./spec/requests/v4/games_spec.rb" time="0.213787"></testcase>
<testcase classname="spec.requests.v4.games_spec" name="V4::GamesController#reserve Valid transaction with reward for move should return not null expiry_date for move with reward outcome" file="./spec/requests/v4/games_spec.rb" time="0.239081"></testcase>
<testcase classname="spec.requests.v4.games_spec" name="V4::GamesController#reserve Valid transaction with reward for move return reserved voucher details as part of the response" file="./spec/requests/v4/games_spec.rb" time="0.222378"></testcase>
<testcase classname="spec.requests.v4.games_spec" name="V4::GamesController#reserve auto issue move issues first and reserves game move" file="./spec/requests/v4/games_spec.rb" time="0.245308"></testcase>
<testcase classname="spec.requests.v4.games_spec" name="V4::GamesController#reserve auto issue move when there is already reserved move returns the last reserved move" file="./spec/requests/v4/games_spec.rb" time="0.298659"></testcase>
<testcase classname="spec.requests.v4.games_spec" name="V4::GamesController#index Return new Game it should return a new game if there are no games and auto_issue_moves for campaign is true" file="./spec/requests/v4/games_spec.rb" time="0.167310"></testcase>
<testcase classname="spec.requests.v4.games_spec" name="V4::GamesController#show returns the game for a valid request" file="./spec/requests/v4/games_spec.rb" time="0.153283"></testcase>
<testcase classname="spec.requests.v4.games_spec" name="V4::GamesController#show raises exception if game does not belong to current user" file="./spec/requests/v4/games_spec.rb" time="0.152099"></testcase>
<testcase classname="spec.requests.v4.games_spec" name="V4::GamesController#show with campaign enable auto issue move and has tries account_lifetime_max_moves_available is set return the minimum of the limit base on account_lifetime_max_moves_available" file="./spec/requests/v4/games_spec.rb" time="0.176108"></testcase>
<testcase classname="spec.requests.v4.games_spec" name="V4::GamesController#show with campaign enable auto issue move and has tries campaign_interval_max_moves_available is set return the minimum of the limit base on campaign_interval_max_moves_available" file="./spec/requests/v4/games_spec.rb" time="0.206837"></testcase>
<testcase classname="spec.requests.v4.games_spec" name="V4::GamesController#show with campaign enable auto issue move and has tries campaign_lifetime_max_moves_available is set return the minimum of the limit base on campaign_lifetime_max_moves_available" file="./spec/requests/v4/games_spec.rb" time="0.164819"></testcase>
<testcase classname="spec.requests.v4.games_spec" name="V4::GamesController#show with campaign enable auto issue move and has tries account_interval_max_moves_available is set return the minimum of the limit base on account_interval_max_moves_available" file="./spec/requests/v4/games_spec.rb" time="0.176585"></testcase>
<testcase classname="spec.requests.v4.loyalty.transaction_history_spec" name="Transactions History API (V4::Loyalty) points history for current user points history along with serialized source. will return rule name and id as part of response" file="./spec/requests/v4/loyalty/transaction_history_spec.rb" time="0.542736"></testcase>
<testcase classname="spec.requests.v4.loyalty.transaction_history_spec" name="Transactions History API (V4::Loyalty) points history for current user points history along with serialized source. will return the points history transaction and details as part of the points reward_transaction" file="./spec/requests/v4/loyalty/transaction_history_spec.rb" time="0.211268"></testcase>
<testcase classname="spec.requests.v4.loyalty.transaction_history_spec" name="Transactions History API (V4::Loyalty) points history for current user points issued by transaction rule will return rule name and id as part of response" file="./spec/requests/v4/loyalty/transaction_history_spec.rb" time="0.183508"></testcase>
<testcase classname="spec.requests.v4.loyalty.transaction_history_spec" name="Transactions History API (V4::Loyalty) points history for current user total points by expiry_date will return points grouped by expiry date" file="./spec/requests/v4/loyalty/transaction_history_spec.rb" time="0.206986"></testcase>
<testcase classname="spec.requests.v4.encoder_spec" name="Encoder API V4 with valid parameters when tenant encoder setting disabled should response not_found error" file="./spec/requests/v4/encoder_spec.rb" time="0.085788"></testcase>
<testcase classname="spec.requests.v4.encoder_spec" name="Encoder API V4 with valid parameters when tenant encoder setting not present should respond with redirect to url" file="./spec/requests/v4/encoder_spec.rb" time="0.067866"></testcase>
<testcase classname="spec.requests.v4.encoder_spec" name="Encoder API V4 with valid parameters when tenant encoder setting enabled should respond with redirect to url" file="./spec/requests/v4/encoder_spec.rb" time="0.068797"></testcase>
<testcase classname="spec.requests.v4.encoder_spec" name="Encoder API V4 with valid parameters when tenant encoder setting enabled when unauthorized should respond with unauthorized" file="./spec/requests/v4/encoder_spec.rb" time="0.119497"></testcase>
<testcase classname="spec.requests.v4.oauth_token_spec" name="V4 Oauth APIs #create with username and password valid fields should return user access_token" file="./spec/requests/v4/oauth_token_spec.rb" time="0.095641"></testcase>
<testcase classname="spec.requests.v4.oauth_token_spec" name="V4 Oauth APIs #create with username and password expires_in with valid fields should return user access_token" file="./spec/requests/v4/oauth_token_spec.rb" time="0.044287"></testcase>
<testcase classname="spec.requests.v4.oauth_token_spec" name="V4 Oauth APIs #create with username and password invalid fields should raise unauthorized error" file="./spec/requests/v4/oauth_token_spec.rb" time="0.041386"></testcase>
<testcase classname="spec.requests.v4.oauth_token_spec" name="V4 Oauth APIs #create client_credentials with no user should return an access token" file="./spec/requests/v4/oauth_token_spec.rb" time="0.040777"></testcase>
<testcase classname="spec.requests.v4.oauth_token_spec" name="V4 Oauth APIs #create with grant type is client_credentials invalid identifier should not return " file="./spec/requests/v4/oauth_token_spec.rb" time="0.039878"></testcase>
<testcase classname="spec.requests.v4.oauth_token_spec" name="V4 Oauth APIs #create with grant type is client_credentials invalid_secret should not return " file="./spec/requests/v4/oauth_token_spec.rb" time="0.037666"></testcase>
<testcase classname="spec.requests.v4.oauth_token_spec" name="V4 Oauth APIs #create with grant type is client_credentials with identifier has dashes should return token" file="./spec/requests/v4/oauth_token_spec.rb" time="0.043058"></testcase>
<testcase classname="spec.requests.v4.oauth_token_spec" name="V4 Oauth APIs #create with grant type is client_credentials valid params valid params" file="./spec/requests/v4/oauth_token_spec.rb" time="0.057828"></testcase>
<testcase classname="spec.requests.v4.oauth_token_spec" name="V4 Oauth APIs #create with username and password for merchant user accounts valid fields should return user access_token" file="./spec/requests/v4/oauth_token_spec.rb" time="0.072350"></testcase>
<testcase classname="spec.requests.v4.oauth_token_spec" name="V4 Oauth APIs #create with username and password for merchant user accounts invalid fields should raise unauthorized error" file="./spec/requests/v4/oauth_token_spec.rb" time="0.078448"></testcase>
<testcase classname="spec.requests.v4.oauth_token_spec" name="V4 Oauth APIs #create with identifier invalid user should raise unauthorized error" file="./spec/requests/v4/oauth_token_spec.rb" time="0.061812"></testcase>
<testcase classname="spec.requests.v4.oauth_token_spec" name="V4 Oauth APIs #create with identifier valid user should return user access_token" file="./spec/requests/v4/oauth_token_spec.rb" time="0.061148"></testcase>
<testcase classname="spec.requests.v4.oauth_token_spec" name="V4 Oauth APIs #create with identifier support expires in parameter should return user access_token with expires_in set" file="./spec/requests/v4/oauth_token_spec.rb" time="0.073827"></testcase>
<testcase classname="spec.requests.v4.oauth_token_spec" name="V4 Oauth APIs #create with identifier support expires in parameter should set expires_in as the default expires_in for the tenant" file="./spec/requests/v4/oauth_token_spec.rb" time="0.068645"></testcase>
<testcase classname="spec.requests.dash.v4.tenant_config_spec" name="v4/dash/tenant_config should return bulk_actions" file="./spec/requests/dash/v4/tenant_config_spec.rb" time="0.040306"></testcase>
<testcase classname="spec.requests.dash.v4.tenant_config_spec" name="v4/dash/tenant_config should return the current tenant name" file="./spec/requests/dash/v4/tenant_config_spec.rb" time="0.036132"></testcase>
<testcase classname="spec.requests.dash.v4.tenant_config_spec" name="v4/dash/tenant_config should return available locales pulled from db" file="./spec/requests/dash/v4/tenant_config_spec.rb" time="0.030218"></testcase>
<testcase classname="spec.requests.dash.v4.tenant_config_spec" name="v4/dash/tenant_config should return available locales" file="./spec/requests/dash/v4/tenant_config_spec.rb" time="0.035908"></testcase>
<testcase classname="spec.requests.dash.v4.tenant_config_spec" name="v4/dash/tenant_config when there are 3 scheduled reports but 2 report types should only return two entries in scheduled_report_types" file="./spec/requests/dash/v4/tenant_config_spec.rb" time="0.144917"></testcase>
<testcase classname="spec.requests.dash.v4.tenant_config_spec" name="v4/dash/tenant_config when there are no scheduled reports should return an empty array in scheduled_report_types" file="./spec/requests/dash/v4/tenant_config_spec.rb" time="0.015914"></testcase>
<testcase classname="spec.requests.dash.v4.tenant_config_spec" name="v4/dash/tenant_config Feature Flags when have not cookies override should return list flag configs" file="./spec/requests/dash/v4/tenant_config_spec.rb" time="0.017970"></testcase>
<testcase classname="spec.requests.dash.v4.tenant_config_spec" name="v4/dash/tenant_config Feature Flags when have cookies override should return list flag configs form feature model" file="./spec/requests/dash/v4/tenant_config_spec.rb" time="0.035524"></testcase>
<testcase classname="spec.requests.dash.v4.tenant_config_spec" name="v4/dash/tenant_config when there is one scheduled report should return a single entry in scheduled_report_types" file="./spec/requests/dash/v4/tenant_config_spec.rb" time="0.018164"></testcase>
<testcase classname="spec.requests.dash.v4.tenant_config_spec" name="v4/dash/tenant_config when current tenant is perx should return the correct number of report types in the default report_downloads list" file="./spec/requests/dash/v4/tenant_config_spec.rb" time="0.015302"></testcase>
<testcase classname="spec.requests.dash.v4.tenant_config_spec" name="v4/dash/tenant_config tenant&apos;s default currency should return USD" file="./spec/requests/dash/v4/tenant_config_spec.rb" time="0.017550"></testcase>
<testcase classname="spec.requests.v4.campaigns.enrol_spec" name="V4 Campaigns Enrol API save a user&apos;s enrolment to a campaign with campaign has a user&apos;s enrolment should save active user&apos;s enrolments to campaign" file="./spec/requests/v4/campaigns/enrol_spec.rb" time="0.048353"></testcase>
<testcase classname="spec.requests.v4.campaigns.enrol_spec" name="V4 Campaigns Enrol API save a user&apos;s enrolment to a campaign with current_user is not part of the campaigns audience list should raise User Forbidden error" file="./spec/requests/v4/campaigns/enrol_spec.rb" time="0.060585"></testcase>
<testcase classname="spec.requests.v4.campaigns.enrol_spec" name="V4 Campaigns Enrol API save a user&apos;s enrolment to a campaign with campaign no has a user&apos;s enrolment should save a new active user&apos;s enrolment to campaign" file="./spec/requests/v4/campaigns/enrol_spec.rb" time="0.046772"></testcase>
<testcase classname="spec.requests.v4.campaigns.enrol_spec" name="V4 Campaigns Enrol API save a user&apos;s enrolment to a campaign with campaign has auto_enrol_users set to true should raise Unprocessable Error error" file="./spec/requests/v4/campaigns/enrol_spec.rb" time="0.048019"></testcase>
<testcase classname="spec.requests.v4.campaigns.enrol_spec" name="V4 Campaigns Enrol API save a user&apos;s enrolment to a campaign with invalid current user should raise Access Forbidden error" file="./spec/requests/v4/campaigns/enrol_spec.rb" time="0.038054"></testcase>
<testcase classname="spec.requests.dash.v4.user_sessions_spec" name="User Sessions API Dash V4 #change_password when all params are valid should return a http 200" file="./spec/requests/dash/v4/user_sessions_spec.rb" time="0.029243"></testcase>
<testcase classname="spec.requests.dash.v4.user_sessions_spec" name="User Sessions API Dash V4 #change_password when all params are valid should allow the user to login with their new password" file="./spec/requests/dash/v4/user_sessions_spec.rb" time="0.041844"></testcase>
<testcase classname="spec.requests.dash.v4.user_sessions_spec" name="User Sessions API Dash V4 #change_password when passwords are different should return http 400 Bad Request" file="./spec/requests/dash/v4/user_sessions_spec.rb" time="0.010664"></testcase>
<testcase classname="spec.requests.dash.v4.user_sessions_spec" name="User Sessions API Dash V4 #change_password when user token is not in the headers should return http 401 Unauthorized" file="./spec/requests/dash/v4/user_sessions_spec.rb" time="0.005555"></testcase>
<testcase classname="spec.requests.dash.v4.user_sessions_spec" name="User Sessions API Dash V4 login with unqualified user for login should raise access forbidden error while user is inactive" file="./spec/requests/dash/v4/user_sessions_spec.rb" time="0.017391"></testcase>
<testcase classname="spec.requests.dash.v4.user_sessions_spec" name="User Sessions API Dash V4 login with unqualified user for login should allow users to log in even after 90days" file="./spec/requests/dash/v4/user_sessions_spec.rb" time="0.022351"></testcase>
<testcase classname="spec.requests.dash.v4.user_sessions_spec" name="User Sessions API Dash V4 login with unqualified user for login should not raise access forbidden error while user attempts exceeded" file="./spec/requests/dash/v4/user_sessions_spec.rb" time="0.025915"></testcase>
<testcase classname="spec.requests.dash.v4.user_sessions_spec" name="User Sessions API Dash V4 login with correct credentials should reset failed_attempts" file="./spec/requests/dash/v4/user_sessions_spec.rb" time="0.023054"></testcase>
<testcase classname="spec.requests.dash.v4.user_sessions_spec" name="User Sessions API Dash V4 login with correct credentials should return a doorkeeper token and password_expires_at" file="./spec/requests/dash/v4/user_sessions_spec.rb" time="0.023118"></testcase>
<testcase classname="spec.requests.dash.v4.user_sessions_spec" name="User Sessions API Dash V4 login when user reset password should return error messsage when sending request with empty password" file="./spec/requests/dash/v4/user_sessions_spec.rb" time="0.218270"></testcase>
<testcase classname="spec.requests.dash.v4.user_sessions_spec" name="User Sessions API Dash V4 login when user reset password should unlock user access after successfully change password" file="./spec/requests/dash/v4/user_sessions_spec.rb" time="0.031650"></testcase>
<testcase classname="spec.requests.dash.v4.user_sessions_spec" name="User Sessions API Dash V4 login with incorrect credentials should increase failed_attempts while password is invalid" file="./spec/requests/dash/v4/user_sessions_spec.rb" time="0.022036"></testcase>
<testcase classname="spec.requests.dash.v4.user_sessions_spec" name="User Sessions API Dash V4 login with incorrect credentials should not lock the devise user while password is invalid and reach its limit" file="./spec/requests/dash/v4/user_sessions_spec.rb" time="0.073697"></testcase>
<testcase classname="spec.requests.dash.v4.user_sessions_spec" name="User Sessions API Dash V4 login with incorrect credentials should raise error while user does not exist" file="./spec/requests/dash/v4/user_sessions_spec.rb" time="0.015209"></testcase>
<testcase classname="spec.requests.dash.v4.user_sessions_spec" name="User Sessions API Dash V4 login with incorrect credentials should raise error while password is invalid" file="./spec/requests/dash/v4/user_sessions_spec.rb" time="0.020038"></testcase>
<testcase classname="spec.requests.v4.game_transactions_spec" name="V4::GameTransactionsController#answer_quiz when pass an answer params valid should call GameService::AnswerQuiz" file="./spec/requests/v4/game_transactions_spec.rb" time="0.078734"></testcase>
<testcase classname="spec.requests.v4.game_transactions_spec" name="V4::GameTransactionsController#answer_quiz when pass an answer params valid should return answers as part of response" file="./spec/requests/v4/game_transactions_spec.rb" time="0.111469"></testcase>
<testcase classname="spec.requests.v4.game_transactions_spec" name="V4::GameTransactionsController#answer_quiz when pass an answer params invalid should raise not found error" file="./spec/requests/v4/game_transactions_spec.rb" time="0.055697"></testcase>
<testcase classname="spec.requests.v4.game_transactions_spec" name="V4::GameTransactionsController#answer invalid answer content should raise error" file="./spec/requests/v4/game_transactions_spec.rb" time="0.121723"></testcase>
<testcase classname="spec.requests.v4.game_transactions_spec" name="V4::GameTransactionsController#answer add answer to move details should return move have answer" file="./spec/requests/v4/game_transactions_spec.rb" time="0.128365"></testcase>
<testcase classname="spec.requests.v4.game_transactions_spec" name="V4::GameTransactionsController#answer pathing answer to move details should update answer" file="./spec/requests/v4/game_transactions_spec.rb" time="0.133927"></testcase>
<testcase classname="spec.requests.v4.game_transactions_spec" name="V4::GameTransactionsController#confirm Reserved move expired should return unprocessable_entity" file="./spec/requests/v4/game_transactions_spec.rb" time="0.136078"></testcase>
<testcase classname="spec.requests.v4.game_transactions_spec" name="V4::GameTransactionsController#confirm Reserved move does not exist should return not_found error" file="./spec/requests/v4/game_transactions_spec.rb" time="0.141379"></testcase>
<testcase classname="spec.requests.v4.game_transactions_spec" name="V4::GameTransactionsController#confirm Reserved move exists and not expired should mark move as redeemed" file="./spec/requests/v4/game_transactions_spec.rb" time="0.177163"></testcase>
<testcase classname="spec.requests.v4.game_transactions_spec" name="V4::GameTransactionsController#confirm Reserved move exists and not expired return issued voucher details as part of the response" file="./spec/requests/v4/game_transactions_spec.rb" time="0.218570"></testcase>
<testcase classname="spec.requests.v4.game_transactions_spec" name="V4::GameTransactionsController#confirm Reserved move exists and not expired should mark move outcome as success" file="./spec/requests/v4/game_transactions_spec.rb" time="0.176365"></testcase>
<testcase classname="spec.requests.v4.merchants_spec" name="Merchants API (V4) Merchant#favorite when eligibility should be create" file="./spec/requests/v4/merchants_spec.rb" time="0.148241"></testcase>
<testcase classname="spec.requests.v4.merchants_spec" name="Merchants API (V4) Merchant#favorite without user account should raise error" file="./spec/requests/v4/merchants_spec.rb" time="0.048675"></testcase>
<testcase classname="spec.requests.v4.merchants_spec" name="Merchants API (V4) Merchant#favorite merchant is not found should not create" file="./spec/requests/v4/merchants_spec.rb" time="0.043484"></testcase>
<testcase classname="spec.requests.v4.merchants_spec" name="Merchants API (V4) Merchant#delete_favorite when eligibility should be delete" file="./spec/requests/v4/merchants_spec.rb" time="0.097015"></testcase>
<testcase classname="spec.requests.v4.merchants_spec" name="Merchants API (V4) Merchant#delete_favorite merchant is not found should not delete" file="./spec/requests/v4/merchants_spec.rb" time="0.087206"></testcase>
<testcase classname="spec.requests.v4.merchants_spec" name="Merchants API (V4) Merchant#delete_favorite without user account should raise error" file="./spec/requests/v4/merchants_spec.rb" time="0.045006"></testcase>
<testcase classname="spec.requests.v4.merchants_spec" name="Merchants API (V4) Assert that calling V4 endpoints deliver correct translations on Merchants Checking for merchant list passing translation keys without specified accept language should return the english default translation" file="./spec/requests/v4/merchants_spec.rb" time="0.021204"></testcase>
<testcase classname="spec.requests.v4.merchants_spec" name="Merchants API (V4) Assert that calling V4 endpoints deliver correct translations on Merchants Checking for a merchant passing translation keys without specified accept language should return the english default translation" file="./spec/requests/v4/merchants_spec.rb" time="0.057336"></testcase>
<testcase classname="spec.requests.v4.merchants_spec" name="Merchants API (V4) Assert that calling V4 endpoints deliver correct translations on Merchants Checking for merchant list passing translation keys with specified accept language should pass with th translate keys" file="./spec/requests/v4/merchants_spec.rb" time="0.019388"></testcase>
<testcase classname="spec.requests.v4.merchants_spec" name="Merchants API (V4) Assert that calling V4 endpoints deliver correct translations on Merchants Checking for merchant list passing translation keys with specified accept language should pass with en translate keys" file="./spec/requests/v4/merchants_spec.rb" time="0.072534"></testcase>
<testcase classname="spec.requests.v4.merchants_spec" name="Merchants API (V4) Assert that calling V4 endpoints deliver correct translations on Merchants Checking for a merchant passing translation keys with non-existing language should return the english default translation" file="./spec/requests/v4/merchants_spec.rb" time="0.057360"></testcase>
<testcase classname="spec.requests.v4.merchants_spec" name="Merchants API (V4) Assert that calling V4 endpoints deliver correct translations on Merchants Checking for a merchant passing translation keys with specified accept language should pass with en translate keys" file="./spec/requests/v4/merchants_spec.rb" time="0.055527"></testcase>
<testcase classname="spec.requests.v4.merchants_spec" name="Merchants API (V4) Assert that calling V4 endpoints deliver correct translations on Merchants Checking for a merchant passing translation keys with specified accept language should pass with th translate keys" file="./spec/requests/v4/merchants_spec.rb" time="0.056204"></testcase>
<testcase classname="spec.requests.v4.merchants_spec" name="Merchants API (V4) Assert that calling V4 endpoints deliver correct translations on Merchants Checking for merchant list passing translation keys with non-existing language should return the english default translation" file="./spec/requests/v4/merchants_spec.rb" time="0.019939"></testcase>
<testcase classname="spec.requests.v4.merchants_spec" name="Merchants API (V4) Assert that calling V4 endpoints deliver correct translations on Merchants Checking for creating th translation first should the th translation id smaller than the en one" file="./spec/requests/v4/merchants_spec.rb" time="0.031454"></testcase>
<testcase classname="spec.requests.v4.merchants_spec" name="Merchants API (V4) Merchants#index without user account should raise error" file="./spec/requests/v4/merchants_spec.rb" time="0.010983"></testcase>
<testcase classname="spec.requests.v4.merchants_spec" name="Merchants API (V4) Merchants#index with shared data should return the right fields" file="./spec/requests/v4/merchants_spec.rb" time="0.079617"></testcase>
<testcase classname="spec.requests.v4.merchants_spec" name="Merchants API (V4) Merchants#index with shared data inactive merchant exist should not return inactive merchant as part of response" file="./spec/requests/v4/merchants_spec.rb" time="0.101299"></testcase>
<testcase classname="spec.requests.v4.merchants_spec" name="Merchants API (V4) Merchants#index with shared data sorting sorting by id should sort by id by default" file="./spec/requests/v4/merchants_spec.rb" time="0.086967"></testcase>
<testcase classname="spec.requests.v4.merchants_spec" name="Merchants API (V4) Merchants#index with shared data sorting sorting by name should allow sorting by name" file="./spec/requests/v4/merchants_spec.rb" time="0.086280"></testcase>
<testcase classname="spec.requests.v4.merchants_spec" name="Merchants API (V4) Merchants#Show should return the right fields" file="./spec/requests/v4/merchants_spec.rb" time="0.068534"></testcase>
<testcase classname="spec.requests.v4.merchants_spec" name="Merchants API (V4) Merchants#Show allows merchants to have images" file="./spec/requests/v4/merchants_spec.rb" time="0.063079"></testcase>
<testcase classname="spec.requests.v4.merchants_spec" name="Merchants API (V4) Merchants#Show outlet sorting should sort by distance by default if lat and lng are present" file="./spec/requests/v4/merchants_spec.rb" time="0.124547"></testcase>
<testcase classname="spec.requests.v4.merchants_spec" name="Merchants API (V4) Merchants#Show outlet sorting should sort by name desc " file="./spec/requests/v4/merchants_spec.rb" time="0.160702"></testcase>
<testcase classname="spec.requests.v4.merchants_spec" name="Merchants API (V4) Merchants#Show outlet sorting should sort by name asc " file="./spec/requests/v4/merchants_spec.rb" time="0.112386"></testcase>
<testcase classname="spec.requests.v4.merchants_spec" name="Merchants API (V4) Merchants#Show outlet sorting should sort by distance, and the locations with lat/long = null values should be ordered last" file="./spec/requests/v4/merchants_spec.rb" time="0.122734"></testcase>
<testcase classname="spec.requests.v4.merchants_spec" name="Merchants API (V4) Merchants#Show outlet sorting when param[:lat] or param[:lng] is blank should not sort by distance if param[:lng] is blank" file="./spec/requests/v4/merchants_spec.rb" time="0.115759"></testcase>
<testcase classname="spec.requests.v4.merchants_spec" name="Merchants API (V4) Merchants#Show outlet sorting when param[:lat] or param[:lng] is blank should not sort by distance if param[:lat] is blank" file="./spec/requests/v4/merchants_spec.rb" time="0.111906"></testcase>
<testcase classname="spec.requests.v4.merchants_spec" name="Merchants API (V4) Merchants#Show geo search should return a single location when the search distance is 830m" file="./spec/requests/v4/merchants_spec.rb" time="0.093824"></testcase>
<testcase classname="spec.requests.v4.merchants_spec" name="Merchants API (V4) Merchants#Show geo search when value of lat, lng, radius param is not valid should not raise error if params[:radius] is invalid" file="./spec/requests/v4/merchants_spec.rb" time="0.132578"></testcase>
<testcase classname="spec.requests.v4.merchants_spec" name="Merchants API (V4) Merchants#Show geo search when value of lat, lng, radius param is not valid should not raise error if params[:lat] is invalid" file="./spec/requests/v4/merchants_spec.rb" time="0.083002"></testcase>
<testcase classname="spec.requests.v4.merchants_spec" name="Merchants API (V4) Merchants#Show geo search when value of lat, lng, radius param is not valid should not raise error if params[:lng] is invalid" file="./spec/requests/v4/merchants_spec.rb" time="0.097928"></testcase>
<testcase classname="spec.requests.v4.merchants_spec" name="Merchants API (V4) Merchants#Show merchant locations displays null when the latitude and longitud data in DB is nil" file="./spec/requests/v4/merchants_spec.rb" time="0.149853"></testcase>
<testcase classname="spec.requests.v4.merchants_spec" name="Merchants API (V4) Merchants#Show merchant locations keeps the original data when update branches info without latitude/longitude" file="./spec/requests/v4/merchants_spec.rb" time="0.162425"></testcase>
<testcase classname="spec.requests.v4.merchants_spec" name="Merchants API (V4) Merchants#Show merchant locations displays null when the latitude and longitud data in DB is 0" file="./spec/requests/v4/merchants_spec.rb" time="0.160895"></testcase>
<testcase classname="spec.requests.v4.merchants_spec" name="Merchants API (V4) Merchants#Show outlet pagination should allow a limit to be set on the number of locations returned" file="./spec/requests/v4/merchants_spec.rb" time="0.319284"></testcase>
<testcase classname="spec.requests.v4.merchants_spec" name="Merchants API (V4) Merchants#Show outlet pagination should return 25 locations if no parameters are set" file="./spec/requests/v4/merchants_spec.rb" time="0.318338"></testcase>
<testcase classname="spec.requests.v4.merchants_spec" name="Merchants API (V4) Merchants#Show outlet pagination should allow pagination" file="./spec/requests/v4/merchants_spec.rb" time="0.256941"></testcase>
<testcase classname="spec.requests.v4.merchants_spec" name="Merchants API (V4) Merchants#Show outlet pagination should return locations accordingly" file="./spec/requests/v4/merchants_spec.rb" time="0.272469"></testcase>
<testcase classname="spec.requests.v4.merchants_spec" name="Merchants API (V4) Merchants#Show outlet filtering by reward id should return outlets for the reward, and the locations with lat/long = null values should be returned last" file="./spec/requests/v4/merchants_spec.rb" time="0.229095"></testcase>
<testcase classname="spec.requests.v4.merchants_spec" name="Merchants API (V4) Merchants#Show without user account should raise error" file="./spec/requests/v4/merchants_spec.rb" time="0.073317"></testcase>
<testcase classname="spec.requests.v4.merchants_spec" name="Merchants API (V4) Merchants#Show outlet filtering by reward id should only return 1 outlet for the reward" file="./spec/requests/v4/merchants_spec.rb" time="0.197901"></testcase>
<testcase classname="spec.requests.v4.merchants_spec" name="Merchants API (V4) outlet pagination for nil outlets should return 3 on first page and 2 on second" file="./spec/requests/v4/merchants_spec.rb" time="0.272176"></testcase>
<testcase classname="spec.requests.dash.v4.users_spec" name="Dash:: V4 Users API #create should resend invite email when the user already exists" file="./spec/requests/dash/v4/users_spec.rb" time="0.035388"></testcase>
<testcase classname="spec.requests.dash.v4.users_spec" name="Dash:: V4 Users API #create should return a 422 when the user belongs to a different tenant" file="./spec/requests/dash/v4/users_spec.rb" time="0.034620"></testcase>
<testcase classname="spec.requests.dash.v4.users_spec" name="Dash:: V4 Users API #create successfully creates user" file="./spec/requests/dash/v4/users_spec.rb" time="0.236486"></testcase>
<testcase classname="spec.requests.dash.v4.users_spec" name="Dash:: V4 Users API #create validates email" file="./spec/requests/dash/v4/users_spec.rb" time="0.026244"></testcase>
<testcase classname="spec.requests.dash.v4.users_spec" name="Dash:: V4 Users API #create successfully creates user with role" file="./spec/requests/dash/v4/users_spec.rb" time="0.043807"></testcase>
<testcase classname="spec.requests.dash.v4.users_spec" name="Dash:: V4 Users API #update assign roles to a user" file="./spec/requests/dash/v4/users_spec.rb" time="0.047956"></testcase>
<testcase classname="spec.requests.dash.v4.users_spec" name="Dash:: V4 Users API #update adds and removes one role each to user" file="./spec/requests/dash/v4/users_spec.rb" time="0.055265"></testcase>
<testcase classname="spec.requests.dash.v4.users_spec" name="Dash:: V4 Users API #update remove all roles of a user" file="./spec/requests/dash/v4/users_spec.rb" time="0.048020"></testcase>
<testcase classname="spec.requests.dash.v4.users_spec" name="Dash:: V4 Users API #update access_groups should add and remove access groups" file="./spec/requests/dash/v4/users_spec.rb" time="0.088447"></testcase>
<testcase classname="spec.requests.dash.v4.users_spec" name="Dash:: V4 Users API #update access_groups should add access group for user" file="./spec/requests/dash/v4/users_spec.rb" time="0.058082"></testcase>
<testcase classname="spec.requests.dash.v4.users_spec" name="Dash:: V4 Users API #update access_groups should remove" file="./spec/requests/dash/v4/users_spec.rb" time="0.057597"></testcase>
<testcase classname="spec.requests.dash.v4.users_spec" name="Dash:: V4 Users API #unlock activates the user" file="./spec/requests/dash/v4/users_spec.rb" time="0.036782"></testcase>
<testcase classname="spec.requests.dash.v4.users_spec" name="Dash:: V4 Users API #change_password not should change password with wrong old password Old password does not match" file="./spec/requests/dash/v4/users_spec.rb" time="0.024619"></testcase>
<testcase classname="spec.requests.dash.v4.users_spec" name="Dash:: V4 Users API #change_password not should change password with wrong access token Authentication Failed. Please relogin" file="./spec/requests/dash/v4/users_spec.rb" time="0.012169"></testcase>
<testcase classname="spec.requests.dash.v4.users_spec" name="Dash:: V4 Users API #change_password not should change password with password blank Password and password confirmation do not match" file="./spec/requests/dash/v4/users_spec.rb" time="0.023296"></testcase>
<testcase classname="spec.requests.dash.v4.users_spec" name="Dash:: V4 Users API #change_password not should change password with wrong password confirmation Password and password confirmation do not match" file="./spec/requests/dash/v4/users_spec.rb" time="0.023510"></testcase>
<testcase classname="spec.requests.dash.v4.users_spec" name="Dash:: V4 Users API #change_password should change password responds with 200" file="./spec/requests/dash/v4/users_spec.rb" time="0.040880"></testcase>
<testcase classname="spec.requests.dash.v4.users_spec" name="Dash:: V4 Users API #activate activates the user" file="./spec/requests/dash/v4/users_spec.rb" time="0.109941"></testcase>
<testcase classname="spec.requests.dash.v4.users_spec" name="Dash:: V4 Users API #deactivate deactivates the user" file="./spec/requests/dash/v4/users_spec.rb" time="0.062262"></testcase>
<testcase classname="spec.requests.dash.v4.users_spec" name="Dash:: V4 Users API User accept invitation should create Send Invite Email Job" file="./spec/requests/dash/v4/users_spec.rb" time="0.007768"></testcase>
<testcase classname="spec.requests.dash.v4.users_spec" name="Dash:: V4 Users API User accept invitation should return accept invitation successfully" file="./spec/requests/dash/v4/users_spec.rb" time="0.013090"></testcase>
<testcase classname="spec.requests.dash.v4.users_spec" name="Dash:: V4 Users API User accept invitation should return invalid token error" file="./spec/requests/dash/v4/users_spec.rb" time="0.010932"></testcase>
<testcase classname="spec.requests.dash.v4.users_spec" name="Dash:: V4 Users API #index does not return current user" file="./spec/requests/dash/v4/users_spec.rb" time="0.050010"></testcase>
<testcase classname="spec.requests.dash.v4.users_spec" name="Dash:: V4 Users API #index returns all users" file="./spec/requests/dash/v4/users_spec.rb" time="0.056014"></testcase>
<testcase classname="spec.requests.dash.v4.users_spec" name="Dash:: V4 Users API #index search should return a user when search by user id" file="./spec/requests/dash/v4/users_spec.rb" time="0.070285"></testcase>
<testcase classname="spec.requests.dash.v4.users_spec" name="Dash:: V4 Users API #index search should return a user when search by email" file="./spec/requests/dash/v4/users_spec.rb" time="0.074744"></testcase>
<testcase classname="spec.requests.dash.v4.users_spec" name="Dash:: V4 Users API #index search should return a user when search, case-insensitive, by email" file="./spec/requests/dash/v4/users_spec.rb" time="0.073305"></testcase>
<testcase classname="spec.requests.dash.v4.users_spec" name="Dash:: V4 Users API #index pagination should return correct users" file="./spec/requests/dash/v4/users_spec.rb" time="0.134316"></testcase>
<testcase classname="spec.requests.dash.v4.users_spec" name="Dash:: V4 Users API #index pagination should return correct meta data" file="./spec/requests/dash/v4/users_spec.rb" time="0.127712"></testcase>
<testcase classname="spec.requests.dash.v4.users_spec" name="Dash:: V4 Users API #index filtering users by state should return active users" file="./spec/requests/dash/v4/users_spec.rb" time="0.079516"></testcase>
<testcase classname="spec.requests.dash.v4.users_spec" name="Dash:: V4 Users API #index filtering users by state should return locked users" file="./spec/requests/dash/v4/users_spec.rb" time="0.073009"></testcase>
<testcase classname="spec.requests.dash.v4.users_spec" name="Dash:: V4 Users API #index filtering users by state should return locked and active users" file="./spec/requests/dash/v4/users_spec.rb" time="0.125165"></testcase>
<testcase classname="spec.requests.dash.v4.users_spec" name="Dash:: V4 Users API #index filtering users by state should return locked and inactive users" file="./spec/requests/dash/v4/users_spec.rb" time="0.088657"></testcase>
<testcase classname="spec.requests.dash.v4.users_spec" name="Dash:: V4 Users API #index filtering users by state should return inactive users" file="./spec/requests/dash/v4/users_spec.rb" time="0.081333"></testcase>
<testcase classname="spec.requests.dash.v4.users_spec" name="Dash:: V4 Users API #index with pagination behaves like paginated params returns default 10 records when param size is less than 1" file="./spec/requests/dash/v4/users_spec.rb" time="0.047491"></testcase>
<testcase classname="spec.requests.v4.campaigns.events_spec" name="V4 Campaigns Events API trigger predefined events on a campaign with campaign has type is not give reward should raise error" file="./spec/requests/v4/campaigns/events_spec.rb" time="0.050361"></testcase>
<testcase classname="spec.requests.v4.campaigns.events_spec" name="V4 Campaigns Events API trigger predefined events on a campaign with invalid campaign should raise record does not exist error" file="./spec/requests/v4/campaigns/events_spec.rb" time="0.032575"></testcase>
<testcase classname="spec.requests.v4.campaigns.events_spec" name="V4 Campaigns Events API trigger predefined events on a campaign with valid campaign should add an event for campaign" file="./spec/requests/v4/campaigns/events_spec.rb" time="0.035201"></testcase>
<testcase classname="spec.requests.v4.campaigns.stamp_cards_spec" name="Stamp Cards #current user has no cards behaves like returns a dummy card has state set to inactive" file="./spec/requests/v4/campaigns/stamp_cards_spec.rb" time="0.049369"></testcase>
<testcase classname="spec.requests.v4.campaigns.stamp_cards_spec" name="Stamp Cards #current user has no cards behaves like returns a dummy card has expires_at set to nil" file="./spec/requests/v4/campaigns/stamp_cards_spec.rb" time="0.035909"></testcase>
<testcase classname="spec.requests.v4.campaigns.stamp_cards_spec" name="Stamp Cards #current user has no cards behaves like returns a dummy card behaves like returns a card should return a card" file="./spec/requests/v4/campaigns/stamp_cards_spec.rb" time="0.038094"></testcase>
<testcase classname="spec.requests.v4.campaigns.stamp_cards_spec" name="Stamp Cards #current campaign is set stamp card validity return expiry date as part of response" file="./spec/requests/v4/campaigns/stamp_cards_spec.rb" time="0.108935"></testcase>
<testcase classname="spec.requests.v4.campaigns.stamp_cards_spec" name="Stamp Cards #current user has two cards 4 stamps redeemed behaves like returns an active card has state set to active" file="./spec/requests/v4/campaigns/stamp_cards_spec.rb" time="0.118870"></testcase>
<testcase classname="spec.requests.v4.campaigns.stamp_cards_spec" name="Stamp Cards #current user has two cards 4 stamps redeemed behaves like returns an active card behaves like returns a card should return a card" file="./spec/requests/v4/campaigns/stamp_cards_spec.rb" time="0.117339"></testcase>
<testcase classname="spec.requests.v4.campaigns.stamp_cards_spec" name="Stamp Cards #current user has two cards no stamps redeemed behaves like returns an active card has state set to active" file="./spec/requests/v4/campaigns/stamp_cards_spec.rb" time="0.161667"></testcase>
<testcase classname="spec.requests.v4.campaigns.stamp_cards_spec" name="Stamp Cards #current user has two cards no stamps redeemed behaves like returns an active card behaves like returns a card should return a card" file="./spec/requests/v4/campaigns/stamp_cards_spec.rb" time="0.115818"></testcase>
<testcase classname="spec.requests.v4.campaigns.stamp_cards_spec" name="Stamp Cards #current user has one card First card behaves like returns an active card has state set to active" file="./spec/requests/v4/campaigns/stamp_cards_spec.rb" time="0.055715"></testcase>
<testcase classname="spec.requests.v4.campaigns.stamp_cards_spec" name="Stamp Cards #current user has one card First card behaves like returns an active card behaves like returns a card should return a card" file="./spec/requests/v4/campaigns/stamp_cards_spec.rb" time="0.059045"></testcase>
<testcase classname="spec.requests.v4.campaigns.stamp_cards_spec" name="Stamp Cards #current with campaign_id invalid should return api error" file="./spec/requests/v4/campaigns/stamp_cards_spec.rb" time="0.016593"></testcase>
<testcase classname="spec.requests.v4.campaigns.stamp_cards_spec" name="Stamp Cards #index should raise error message when missing user-id" file="./spec/requests/v4/campaigns/stamp_cards_spec.rb" time="0.118001"></testcase>
<testcase classname="spec.requests.v4.campaigns.stamp_cards_spec" name="Stamp Cards #index with campaign_id invalid should raise error" file="./spec/requests/v4/campaigns/stamp_cards_spec.rb" time="0.126063"></testcase>
<testcase classname="spec.requests.v4.campaigns.stamp_cards_spec" name="Stamp Cards #index with pagination params should return all campaign stamp cards" file="./spec/requests/v4/campaigns/stamp_cards_spec.rb" time="0.195082"></testcase>
<testcase classname="spec.requests.v4.campaigns.stamp_cards_spec" name="Stamp Cards #index no pagination params should return all campaign stamp cards" file="./spec/requests/v4/campaigns/stamp_cards_spec.rb" time="0.210201"></testcase>
<testcase classname="spec.requests.v4.campaigns.stamp_cards_spec" name="Stamp Cards #index no pagination params should return expiry date of each stamp card" file="./spec/requests/v4/campaigns/stamp_cards_spec.rb" time="0.270004"></testcase>
<testcase classname="spec.requests.v4.campaigns.stamp_cards_spec" name="Stamp Cards #show card belongs to user card has 4 stamps behaves like returns a card should return a card" file="./spec/requests/v4/campaigns/stamp_cards_spec.rb" time="0.088736"></testcase>
<testcase classname="spec.requests.v4.campaigns.stamp_cards_spec" name="Stamp Cards #show card belongs to user card has 1 stamp behaves like returns a card should return a card" file="./spec/requests/v4/campaigns/stamp_cards_spec.rb" time="0.055510"></testcase>
<testcase classname="spec.requests.v4.campaigns.stamp_cards_spec" name="Stamp Cards #show card id does not belong to user it raise an exception" file="./spec/requests/v4/campaigns/stamp_cards_spec.rb" time="0.050228"></testcase>
<testcase classname="spec.requests.v4.campaigns.stamp_cards_spec" name="Stamp Cards #show card id does not exist it raises an exception" file="./spec/requests/v4/campaigns/stamp_cards_spec.rb" time="0.015215"></testcase>
<testcase classname="spec.requests.dash.v4.stamp_transactions_spec" name="Dash/V4/Stamp Transactions Controller #redeem In progress transaction returns 200 when transaction was updated more than 5 minutes ago" file="./spec/requests/dash/v4/stamp_transactions_spec.rb" time="0.091357"></testcase>
<testcase classname="spec.requests.dash.v4.stamp_transactions_spec" name="Dash/V4/Stamp Transactions Controller #redeem In progress transaction raises exception if it was updated less than 5 minutes ago" file="./spec/requests/dash/v4/stamp_transactions_spec.rb" time="0.081262"></testcase>
<testcase classname="spec.requests.dash.v4.stamp_transactions_spec" name="Dash/V4/Stamp Transactions Controller #redeem Valid transaction returns correct response with status redeemed" file="./spec/requests/dash/v4/stamp_transactions_spec.rb" time="0.108964"></testcase>
<testcase classname="spec.requests.dash.v4.stamp_transactions_spec" name="Dash/V4/Stamp Transactions Controller #redeem Valid transaction return created_by as parts of the response" file="./spec/requests/dash/v4/stamp_transactions_spec.rb" time="0.098231"></testcase>
<testcase classname="spec.requests.dash.v4.stamp_transactions_spec" name="Dash/V4/Stamp Transactions Controller #redeem Valid transaction include acquired_by" file="./spec/requests/dash/v4/stamp_transactions_spec.rb" time="0.087462"></testcase>
<testcase classname="spec.requests.dash.v4.stamp_transactions_spec" name="Dash/V4/Stamp Transactions Controller #redeem Valid transaction with reward for stamp number return outcomes as part of the response" file="./spec/requests/dash/v4/stamp_transactions_spec.rb" time="0.239204"></testcase>
<testcase classname="spec.requests.dash.v4.stamp_transactions_spec" name="Dash/V4/Stamp Transactions Controller #redeem Invalid transasction raises exception if there is another transaction in progress" file="./spec/requests/dash/v4/stamp_transactions_spec.rb" time="0.076491"></testcase>
<testcase classname="spec.requests.dash.v4.stamp_transactions_spec" name="Dash/V4/Stamp Transactions Controller #redeem Invalid transasction not reset redeemed transaction to issued" file="./spec/requests/dash/v4/stamp_transactions_spec.rb" time="0.084407"></testcase>
<testcase classname="spec.requests.dash.v4.stamp_transactions_spec" name="Dash/V4/Stamp Transactions Controller #redeem Invalid transasction raises exception if the transaction is already redeemed" file="./spec/requests/dash/v4/stamp_transactions_spec.rb" time="0.076711"></testcase>
<testcase classname="spec.requests.dash.v4.stamp_transactions_spec" name="Dash/V4/Stamp Transactions Controller #redeem Invalid transasction raises exception if transaction does not belong to current user" file="./spec/requests/dash/v4/stamp_transactions_spec.rb" time="0.060492"></testcase>
<testcase classname="spec.requests.dash.v4.stamp_transactions_spec" name="Dash/V4/Stamp Transactions Controller #redeem Invalid transasction raises exception if there are earlier stamps that are not redeemed" file="./spec/requests/dash/v4/stamp_transactions_spec.rb" time="0.076999"></testcase>
<testcase classname="spec.requests.dash.v4.stamp_transactions_spec" name="Dash/V4/Stamp Transactions Controller #redeem Invalid transasction raise exception if transaction does not exist" file="./spec/requests/dash/v4/stamp_transactions_spec.rb" time="0.017566"></testcase>
<testcase classname="spec.requests.dash.v4.stamp_transactions_spec" name="Dash/V4/Stamp Transactions Controller #redeem Invalid transasction raises exception if an earlier transaction can be redeemed" file="./spec/requests/dash/v4/stamp_transactions_spec.rb" time="0.077891"></testcase>
<testcase classname="spec.requests.dash.v4.stats.campaigns_controller_spec" name="Stats Campaign API Dash V4 stats/campaigns#index when params contain user_account_id and campaign_ids returns list of campaigns" file="./spec/requests/dash/v4/stats/campaigns_controller_spec.rb" time="0.085750"></testcase>
<testcase classname="spec.requests.dash.v4.stats.campaigns_controller_spec" name="Stats Campaign API Dash V4 stats/campaigns#index when params contain only campaign_ids returns list of campaigns" file="./spec/requests/dash/v4/stats/campaigns_controller_spec.rb" time="0.072574"></testcase>
<testcase classname="spec.requests.dash.v4.stats.campaigns_controller_spec" name="Stats Campaign API Dash V4 stats/campaigns#index when param contain only user_account_id returns list of empty campaigns" file="./spec/requests/dash/v4/stats/campaigns_controller_spec.rb" time="0.066660"></testcase>
<testcase classname="spec.requests.v4.pos.user_accounts_spec" name="User::Account API (V4::Pos) Get user account should return correct keys" file="./spec/requests/v4/pos/user_accounts_spec.rb" time="0.012364"></testcase>
<testcase classname="spec.requests.v4.pos.user_accounts_spec" name="User::Account API (V4::Pos) Get user account should get user account data" file="./spec/requests/v4/pos/user_accounts_spec.rb" time="0.013774"></testcase>
<testcase classname="spec.requests.v4.pos.user_accounts_spec" name="User::Account API (V4::Pos) Get user account should search user by identifier" file="./spec/requests/v4/pos/user_accounts_spec.rb" time="0.012742"></testcase>
<testcase classname="spec.requests.v4.app_triggers_spec" name="AppTrigger API V4 when login failed should return an error if no user was specified" file="./spec/requests/v4/app_triggers_spec.rb" time="0.027872"></testcase>
<testcase classname="spec.requests.v4.app_triggers_spec" name="AppTrigger API V4 when logged in successfully should response 200 without any errors" file="./spec/requests/v4/app_triggers_spec.rb" time="0.016343"></testcase>
<testcase classname="spec.requests.v4.merchant_admin.transactions_history_spec" name="V4 Merchant Admin Transactions History API #index with current merchant exists should return transaction histroy" file="./spec/requests/v4/merchant_admin/transactions_history_spec.rb" time="0.162195"></testcase>
<testcase classname="spec.requests.v4.merchant_admin.transactions_history_spec" name="V4 Merchant Admin Transactions History API #index with transaction has properties other than merchant account should return transaction1 and transaction2" file="./spec/requests/v4/merchant_admin/transactions_history_spec.rb" time="0.084287"></testcase>
<testcase classname="spec.requests.v4.merchant_admin.transactions_history_spec" name="V4 Merchant Admin Transactions History API #index with transaction has properties other than merchant account should return transaction3 and transaction4" file="./spec/requests/v4/merchant_admin/transactions_history_spec.rb" time="0.077491"></testcase>
<testcase classname="spec.requests.v4.pos.vouchers_spec" name="Vouchers API (V4::Pos) Redeem a voucher should return status ok with client_credentials token" file="./spec/requests/v4/pos/vouchers_spec.rb" time="0.104085"></testcase>
<testcase classname="spec.requests.v4.pos.vouchers_spec" name="Vouchers API (V4::Pos) Redeem a voucher should raise access forbidden error if token is scoped to user_account" file="./spec/requests/v4/pos/vouchers_spec.rb" time="0.060211"></testcase>
<testcase classname="spec.requests.v4.pos.vouchers_spec" name="Vouchers API (V4::Pos) Redeem a voucher when redeem with voucher code with valid format parameters with invalid parameter&apos;s value should return status not_found" file="./spec/requests/v4/pos/vouchers_spec.rb" time="0.009649"></testcase>
<testcase classname="spec.requests.v4.pos.vouchers_spec" name="Vouchers API (V4::Pos) Redeem a voucher when redeem with voucher code with valid format parameters with valid parameter&apos;s value should return status ok and redeem successfully" file="./spec/requests/v4/pos/vouchers_spec.rb" time="0.082139"></testcase>
<testcase classname="spec.requests.v4.pos.vouchers_spec" name="Vouchers API (V4::Pos) Redeem a voucher when redeem with voucher code with no parameters should return status not found" file="./spec/requests/v4/pos/vouchers_spec.rb" time="0.007515"></testcase>
<testcase classname="spec.requests.v4.catalogs_spec" name="Catalogs API catalog#index should base the catalog results on only rewards which are available" file="./spec/requests/v4/catalogs_spec.rb" time="0.395135"></testcase>
<testcase classname="spec.requests.v4.catalogs_spec" name="Catalogs API catalog#index when sort_by name should sort_by name desc if params[:order_by] is desc" file="./spec/requests/v4/catalogs_spec.rb" time="0.603451"></testcase>
<testcase classname="spec.requests.v4.catalogs_spec" name="Catalogs API catalog#index without current_user should raise error" file="./spec/requests/v4/catalogs_spec.rb" time="0.449222"></testcase>
<testcase classname="spec.requests.v4.catalogs_spec" name="Catalogs API Assert that calling V4 endpoints deliver correct translations on Catalogs Checking for catalog list passing translation keys without specified accept language should return the english default translation" file="./spec/requests/v4/catalogs_spec.rb" time="0.022338"></testcase>
<testcase classname="spec.requests.v4.catalogs_spec" name="Catalogs API Assert that calling V4 endpoints deliver correct translations on Catalogs Checking for a catalog passing translation keys with non-existing language should return the english default translation" file="./spec/requests/v4/catalogs_spec.rb" time="0.100898"></testcase>
<testcase classname="spec.requests.v4.catalogs_spec" name="Catalogs API Assert that calling V4 endpoints deliver correct translations on Catalogs Checking for catalog list passing translation keys with specified accept language should pass with en translate keys" file="./spec/requests/v4/catalogs_spec.rb" time="0.017938"></testcase>
<testcase classname="spec.requests.v4.catalogs_spec" name="Catalogs API Assert that calling V4 endpoints deliver correct translations on Catalogs Checking for catalog list passing translation keys with specified accept language should pass with th translate keys" file="./spec/requests/v4/catalogs_spec.rb" time="0.016267"></testcase>
<testcase classname="spec.requests.v4.catalogs_spec" name="Catalogs API Assert that calling V4 endpoints deliver correct translations on Catalogs Checking for a catalog passing translation keys with specified accept language should pass with th translate keys" file="./spec/requests/v4/catalogs_spec.rb" time="0.080021"></testcase>
<testcase classname="spec.requests.v4.catalogs_spec" name="Catalogs API Assert that calling V4 endpoints deliver correct translations on Catalogs Checking for a catalog passing translation keys with specified accept language should pass with en translate keys" file="./spec/requests/v4/catalogs_spec.rb" time="0.089654"></testcase>
<testcase classname="spec.requests.v4.catalogs_spec" name="Catalogs API Assert that calling V4 endpoints deliver correct translations on Catalogs Checking for a catalog passing translation keys without specified accept language should return the english default translation" file="./spec/requests/v4/catalogs_spec.rb" time="0.076894"></testcase>
<testcase classname="spec.requests.v4.catalogs_spec" name="Catalogs API Assert that calling V4 endpoints deliver correct translations on Catalogs Checking for creating th translation first should the th translation id smaller than the en one" file="./spec/requests/v4/catalogs_spec.rb" time="0.025524"></testcase>
<testcase classname="spec.requests.v4.catalogs_spec" name="Catalogs API Assert that calling V4 endpoints deliver correct translations on Catalogs Checking for catalog list passing translation keys with non-existing language should return the english default translation" file="./spec/requests/v4/catalogs_spec.rb" time="0.017970"></testcase>
<testcase classname="spec.requests.v4.catalogs_spec" name="Catalogs API with the reward that has 0 rewards available should return those 0 available rewards if display_even_when_sold_out is set to True" file="./spec/requests/v4/catalogs_spec.rb" time="0.948391"></testcase>
<testcase classname="spec.requests.v4.catalogs_spec" name="Catalogs API with the reward that has 0 rewards available should return not return rewards with 0 available left" file="./spec/requests/v4/catalogs_spec.rb" time="0.948128"></testcase>
<testcase classname="spec.requests.v4.catalogs_spec" name="Catalogs API catalog#show catalog with 12 valid rewards allows a limit to apply to the rewards" file="./spec/requests/v4/catalogs_spec.rb" time="0.683737"></testcase>
<testcase classname="spec.requests.v4.catalogs_spec" name="Catalogs API catalog#show applying reward filter for catalogs filters rewards by cities" file="./spec/requests/v4/catalogs_spec.rb" time="0.447508"></testcase>
<testcase classname="spec.requests.v4.catalogs_spec" name="Catalogs API catalog#show applying reward filter for catalogs filters rewards by malls" file="./spec/requests/v4/catalogs_spec.rb" time="0.428826"></testcase>
<testcase classname="spec.requests.v4.catalogs_spec" name="Catalogs API catalog#show applying reward filter for catalogs filters reward by category" file="./spec/requests/v4/catalogs_spec.rb" time="0.353811"></testcase>
<testcase classname="spec.requests.v4.catalogs_spec" name="Catalogs API catalog#show applying reward filter for catalogs filters rewards by states" file="./spec/requests/v4/catalogs_spec.rb" time="0.270379"></testcase>
<testcase classname="spec.requests.v4.catalogs_spec" name="Catalogs API catalog#show applying reward filter for catalogs filters reward by brand" file="./spec/requests/v4/catalogs_spec.rb" time="0.257377"></testcase>
<testcase classname="spec.requests.v4.catalogs_spec" name="Catalogs API catalog#show should return HTTP error for non active catalog when we try to show a catalog it is not a active catalog will return HTTP error InvalidRecord when it is ended" file="./spec/requests/v4/catalogs_spec.rb" time="0.032558"></testcase>
<testcase classname="spec.requests.v4.catalogs_spec" name="Catalogs API catalog#show should return HTTP error for non active catalog when we try to show a catalog it is not a active catalog will return HTTP error InvalidRecord when it is draft" file="./spec/requests/v4/catalogs_spec.rb" time="0.032545"></testcase>
<testcase classname="spec.requests.v4.catalogs_spec" name="Catalogs API catalog#show should return HTTP error for non active catalog when we try to show a catalog it is not a active catalog will return HTTP error InvalidRecord when it is pending" file="./spec/requests/v4/catalogs_spec.rb" time="0.033439"></testcase>
<testcase classname="spec.requests.v4.catalogs_spec" name="Catalogs API catalog#show should return HTTP error for non active catalog when we try to show a catalog it is not a active catalog will return HTTP error InvalidRecord when it is inactive" file="./spec/requests/v4/catalogs_spec.rb" time="0.032788"></testcase>
<testcase classname="spec.requests.v4.catalogs_spec" name="Catalogs API catalog#show should return HTTP error for non active catalog when we try to show a catalog it is not a active catalog will return HTTP error InvalidRecord when it is approved" file="./spec/requests/v4/catalogs_spec.rb" time="0.033882"></testcase>
<testcase classname="spec.requests.v4.catalogs_spec" name="Catalogs API catalog#show should return HTTP error for non active catalog when we try to show a reward it is not iactive and not ended will return HTTP status 200 if it is active" file="./spec/requests/v4/catalogs_spec.rb" time="0.077431"></testcase>
<testcase classname="spec.requests.v4.catalogs_spec" name="Catalogs API catalog#show without current_user should raise error" file="./spec/requests/v4/catalogs_spec.rb" time="0.026658"></testcase>
<testcase classname="spec.requests.v4.catalogs_spec" name="Catalogs API catalog#show with Terms and Conditions accepts Terms and Conditions when not null" file="./spec/requests/v4/catalogs_spec.rb" time="0.077206"></testcase>
<testcase classname="spec.requests.v4.catalogs_spec" name="Catalogs API catalog#show with Terms and Conditions accepts Terms and Conditions even when null" file="./spec/requests/v4/catalogs_spec.rb" time="0.082810"></testcase>
<testcase classname="spec.requests.v4.catalogs_spec" name="Catalogs API catalog#show filtering rewards by another catalog should filter rewards on catalog 1 by catalog 2" file="./spec/requests/v4/catalogs_spec.rb" time="0.488898"></testcase>
<testcase classname="spec.requests.v4.catalogs_spec" name="Catalogs API catalog#show filtering rewards by another catalog fields required responds with correct inventory fields" file="./spec/requests/v4/catalogs_spec.rb" time="0.448925"></testcase>
<testcase classname="spec.requests.v4.catalogs_spec" name="Catalogs API catalog#show filtering rewards by another catalog fields required responds with correct reward fields" file="./spec/requests/v4/catalogs_spec.rb" time="0.464038"></testcase>
<testcase classname="spec.requests.v4.catalogs_spec" name="Catalogs API catalog#show filtering rewards by another catalog fields required responds with correct meta fields" file="./spec/requests/v4/catalogs_spec.rb" time="0.490394"></testcase>
<testcase classname="spec.requests.v4.catalogs_spec" name="Catalogs API catalog#show filtering rewards by another catalog fields required responds with correct data fields" file="./spec/requests/v4/catalogs_spec.rb" time="0.467570"></testcase>
<testcase classname="spec.requests.v4.catalogs_spec" name="Catalogs API catalog#show filtering rewards by another catalog fields required responds with correct category_tags fields" file="./spec/requests/v4/catalogs_spec.rb" time="0.519099"></testcase>
<testcase classname="spec.requests.v4.catalogs_spec" name="Catalogs API catalog detail information returns the detail of specific catalog" file="./spec/requests/v4/catalogs_spec.rb" time="0.585490"></testcase>
<testcase classname="spec.requests.v4.catalogs_spec" name="Catalogs API catalog detail information returns catalog rewards according to ordering number" file="./spec/requests/v4/catalogs_spec.rb" time="0.710144"></testcase>
<testcase classname="spec.requests.v4.catalogs_spec" name="Catalogs API catalog detail information catalog reward valid to information should display valid_to as defined" file="./spec/requests/v4/catalogs_spec.rb" time="0.643869"></testcase>
<testcase classname="spec.requests.v4.catalogs_spec" name="Catalogs API catalog detail information catalog reward valid to information should display valid_to as string with expires in period information" file="./spec/requests/v4/catalogs_spec.rb" time="0.730405"></testcase>
<testcase classname="spec.requests.v4.catalogs_spec" name="Catalogs API catalog detail information sorting should sort by name desc" file="./spec/requests/v4/catalogs_spec.rb" time="0.741855"></testcase>
<testcase classname="spec.requests.v4.catalogs_spec" name="Catalogs API catalog detail information sorting should sort by name asc" file="./spec/requests/v4/catalogs_spec.rb" time="0.752121"></testcase>
<testcase classname="spec.requests.v4.catalogs_spec" name="Catalogs API catalog detail information catalog rewards filter invalid rewards should filter rewards in catalog results" file="./spec/requests/v4/catalogs_spec.rb" time="1.710012"></testcase>
<testcase classname="spec.requests.v4.catalogs_spec" name="Catalogs API catalog detail information catalog rewards filter invalid rewards catalog reward state returns rewards with required state when user specify state parameter" file="./spec/requests/v4/catalogs_spec.rb" time="0.864914"></testcase>
<testcase classname="spec.requests.v4.catalogs_spec" name="Catalogs API simple catalog listing returns a list of rewards with loyalty" file="./spec/requests/v4/catalogs_spec.rb" time="0.382316"></testcase>
<testcase classname="spec.requests.v4.catalogs_spec" name="Catalogs API simple catalog listing returns a list of catalogs sorted" file="./spec/requests/v4/catalogs_spec.rb" time="0.368128"></testcase>
<testcase classname="spec.requests.v4.catalogs_spec" name="Catalogs API simple catalog listing returns a list of catalogs" file="./spec/requests/v4/catalogs_spec.rb" time="0.358335"></testcase>
<testcase classname="spec.requests.v4.catalogs_spec" name="Catalogs API simple catalog listing returns a list of catalogs sorted" file="./spec/requests/v4/catalogs_spec.rb" time="0.373465"></testcase>
<testcase classname="spec.requests.v4.catalogs_spec" name="Catalogs API simple catalog listing returns a list of active catalogs" file="./spec/requests/v4/catalogs_spec.rb" time="0.421925"></testcase>
<testcase classname="spec.requests.v4.catalogs_spec" name="Catalogs API simple catalog listing returns a list of catalogs sorted" file="./spec/requests/v4/catalogs_spec.rb" time="0.599616"></testcase>
<testcase classname="spec.requests.v4.catalogs_spec" name="Catalogs API simple catalog listing returns a list of catalogs by state" file="./spec/requests/v4/catalogs_spec.rb" time="0.422387"></testcase>
<testcase classname="spec.requests.v4.catalogs_spec" name="Catalogs API simple catalog listing returns a list of catalogs sorted" file="./spec/requests/v4/catalogs_spec.rb" time="0.568726"></testcase>
<testcase classname="spec.requests.v4.catalogs_spec" name="Catalogs API simple catalog listing returns a list of catalogs filterd by tag" file="./spec/requests/v4/catalogs_spec.rb" time="0.251791"></testcase>
<testcase classname="spec.requests.v4.catalogs_spec" name="Catalogs API simple catalog listing returns a list of catalogs filterd by tag" file="./spec/requests/v4/catalogs_spec.rb" time="0.293415"></testcase>
<testcase classname="spec.requests.v4.catalogs_spec" name="Catalogs API simple catalog listing returns a list of catalogs filterd by tag" file="./spec/requests/v4/catalogs_spec.rb" time="0.275324"></testcase>
<testcase classname="spec.requests.v4.catalogs_spec" name="Catalogs API simple catalog listing returns a list of catalogs filtered by tag" file="./spec/requests/v4/catalogs_spec.rb" time="0.251551"></testcase>
<testcase classname="spec.requests.v4.catalogs_spec" name="Catalogs API with reward filter returns a list of rewards with loyalty" file="./spec/requests/v4/catalogs_spec.rb" time="0.242575"></testcase>
<testcase classname="spec.requests.v4.catalogs_spec" name="Catalogs API with reward filter should be able to get rewards for a user account under permitted audience list" file="./spec/requests/v4/catalogs_spec.rb" time="0.357495"></testcase>
<testcase classname="spec.requests.v4.catalogs_spec" name="Catalogs API with reward filter permitted and unpermitted audience list" file="./spec/requests/v4/catalogs_spec.rb" time="0.376949"></testcase>
<testcase classname="spec.requests.v4.catalogs_spec" name="Catalogs API with reward filter should not be able to get rewards for a user account under unpermitted audience list" file="./spec/requests/v4/catalogs_spec.rb" time="0.343875"></testcase>
<testcase classname="spec.requests.v4.rewards.location_spec" name="V4::LocationsController should should require a user" file="./spec/requests/v4/rewards/location_spec.rb" time="0.014334"></testcase>
<testcase classname="spec.requests.v4.rewards.location_spec" name="V4::LocationsController should return not found when there is no reward" file="./spec/requests/v4/rewards/location_spec.rb" time="0.033682"></testcase>
<testcase classname="spec.requests.v4.rewards.location_spec" name="V4::LocationsController reward exists should return an empty list of locations when none are setup" file="./spec/requests/v4/rewards/location_spec.rb" time="0.127925"></testcase>
<testcase classname="spec.requests.v4.rewards.location_spec" name="V4::LocationsController reward exists location exists should return the associated location" file="./spec/requests/v4/rewards/location_spec.rb" time="0.107547"></testcase>
<testcase classname="spec.requests.v4.rewards.location_spec" name="V4::LocationsController reward exists location exists voucher exists user has not a voucher for the reward should return not found when there is no reward" file="./spec/requests/v4/rewards/location_spec.rb" time="0.102938"></testcase>
<testcase classname="spec.requests.v4.rewards.location_spec" name="V4::LocationsController reward exists location exists voucher exists user has a voucher for the reward should return the associated location" file="./spec/requests/v4/rewards/location_spec.rb" time="0.105222"></testcase>
<testcase classname="spec.requests.dash.v4.transaction_rules_spec" name="Transaction Rule API Dash V4 #create valid creation returns created transaction rule" file="./spec/requests/dash/v4/transaction_rules_spec.rb" time="0.085228"></testcase>
<testcase classname="spec.requests.dash.v4.transaction_rules_spec" name="Transaction Rule API Dash V4 #create valid creation returns created transaction rule with default conditions" file="./spec/requests/dash/v4/transaction_rules_spec.rb" time="0.062362"></testcase>
<testcase classname="spec.requests.dash.v4.transaction_rules_spec" name="Transaction Rule API Dash V4 #create valid creation outcome_type of StoredValue::Campaign should create a label_tagging" file="./spec/requests/dash/v4/transaction_rules_spec.rb" time="0.090121"></testcase>
<testcase classname="spec.requests.dash.v4.transaction_rules_spec" name="Transaction Rule API Dash V4 #create valid creation outcome_type of StoredValue::Campaign should auto save the first stored_value_campaign id as default" file="./spec/requests/dash/v4/transaction_rules_spec.rb" time="0.082163"></testcase>
<testcase classname="spec.requests.dash.v4.transaction_rules_spec" name="Transaction Rule API Dash V4 #create valid creation validate that either a valid outcome or send_notification field is populated returns created transaction rule if outcome is blank but send_notification populated" file="./spec/requests/dash/v4/transaction_rules_spec.rb" time="0.059510"></testcase>
<testcase classname="spec.requests.dash.v4.transaction_rules_spec" name="Transaction Rule API Dash V4 #create valid creation validate that either a valid outcome or send_notification field is populated returns created transaction rule if send_notification is blank but there is valid outcome" file="./spec/requests/dash/v4/transaction_rules_spec.rb" time="0.062366"></testcase>
<testcase classname="spec.requests.dash.v4.transaction_rules_spec" name="Transaction Rule API Dash V4 #create valid creation transaction rules priority should allow saving priority for loyalty rules" file="./spec/requests/dash/v4/transaction_rules_spec.rb" time="0.060542"></testcase>
<testcase classname="spec.requests.dash.v4.transaction_rules_spec" name="Transaction Rule API Dash V4 #create valid creation with audience uploads white_list should upload users to white list" file="./spec/requests/dash/v4/transaction_rules_spec.rb" time="0.143707"></testcase>
<testcase classname="spec.requests.dash.v4.transaction_rules_spec" name="Transaction Rule API Dash V4 #create valid creation with audience uploads black_list should upload users to white list" file="./spec/requests/dash/v4/transaction_rules_spec.rb" time="0.135993"></testcase>
<testcase classname="spec.requests.dash.v4.transaction_rules_spec" name="Transaction Rule API Dash V4 #create invalid creation when chosen reward is not a system reward raises an error" file="./spec/requests/dash/v4/transaction_rules_spec.rb" time="0.073102"></testcase>
<testcase classname="spec.requests.dash.v4.transaction_rules_spec" name="Transaction Rule API Dash V4 #create invalid creation when chosen reward does not exist raises an error" file="./spec/requests/dash/v4/transaction_rules_spec.rb" time="0.034683"></testcase>
<testcase classname="spec.requests.dash.v4.transaction_rules_spec" name="Transaction Rule API Dash V4 #create invalid creation no outcome and send_notification behaves like returns error returns error" file="./spec/requests/dash/v4/transaction_rules_spec.rb" time="0.040018"></testcase>
<testcase classname="spec.requests.dash.v4.transaction_rules_spec" name="Transaction Rule API Dash V4 #create invalid creation no outcome_id behaves like returns error returns error" file="./spec/requests/dash/v4/transaction_rules_spec.rb" time="0.044427"></testcase>
<testcase classname="spec.requests.dash.v4.transaction_rules_spec" name="Transaction Rule API Dash V4 #create invalid creation no outcome_type behaves like returns error returns error" file="./spec/requests/dash/v4/transaction_rules_spec.rb" time="0.037909"></testcase>
<testcase classname="spec.requests.dash.v4.transaction_rules_spec" name="Transaction Rule API Dash V4 #destroy should fails to destroy" file="./spec/requests/dash/v4/transaction_rules_spec.rb" time="0.031355"></testcase>
<testcase classname="spec.requests.dash.v4.transaction_rules_spec" name="Transaction Rule API Dash V4 #destroy should destroy" file="./spec/requests/dash/v4/transaction_rules_spec.rb" time="0.035950"></testcase>
<testcase classname="spec.requests.dash.v4.transaction_rules_spec" name="Transaction Rule API Dash V4 #show returns the proper audiences" file="./spec/requests/dash/v4/transaction_rules_spec.rb" time="0.052140"></testcase>
<testcase classname="spec.requests.dash.v4.transaction_rules_spec" name="Transaction Rule API Dash V4 #show returns the proper label tag" file="./spec/requests/dash/v4/transaction_rules_spec.rb" time="0.044730"></testcase>
<testcase classname="spec.requests.dash.v4.transaction_rules_spec" name="Transaction Rule API Dash V4 #show returns the transaction rule" file="./spec/requests/dash/v4/transaction_rules_spec.rb" time="0.040937"></testcase>
<testcase classname="spec.requests.dash.v4.transaction_rules_spec" name="Transaction Rule API Dash V4 #show returns the variable earn_type when outcome_base is an integer greater than 0" file="./spec/requests/dash/v4/transaction_rules_spec.rb" time="0.042249"></testcase>
<testcase classname="spec.requests.dash.v4.transaction_rules_spec" name="Transaction Rule API Dash V4 #show returns the fixed earn_type when outcome_base nil" file="./spec/requests/dash/v4/transaction_rules_spec.rb" time="0.039373"></testcase>
<testcase classname="spec.requests.dash.v4.transaction_rules_spec" name="Transaction Rule API Dash V4 #deactivate valid request should deactivate" file="./spec/requests/dash/v4/transaction_rules_spec.rb" time="0.164085"></testcase>
<testcase classname="spec.requests.dash.v4.transaction_rules_spec" name="Transaction Rule API Dash V4 #deactivate invalid request should fail to deactivate" file="./spec/requests/dash/v4/transaction_rules_spec.rb" time="0.081693"></testcase>
<testcase classname="spec.requests.dash.v4.transaction_rules_spec" name="Transaction Rule API Dash V4 #update should create a label tagging" file="./spec/requests/dash/v4/transaction_rules_spec.rb" time="0.077206"></testcase>
<testcase classname="spec.requests.dash.v4.transaction_rules_spec" name="Transaction Rule API Dash V4 #update returns updated transaction rule" file="./spec/requests/dash/v4/transaction_rules_spec.rb" time="0.078563"></testcase>
<testcase classname="spec.requests.dash.v4.transaction_rules_spec" name="Transaction Rule API Dash V4 #update when chosen reward is not a system reward raises an error" file="./spec/requests/dash/v4/transaction_rules_spec.rb" time="0.078616"></testcase>
<testcase classname="spec.requests.dash.v4.transaction_rules_spec" name="Transaction Rule API Dash V4 #update with audience uploads white_list should upload users to white list" file="./spec/requests/dash/v4/transaction_rules_spec.rb" time="0.155965"></testcase>
<testcase classname="spec.requests.dash.v4.transaction_rules_spec" name="Transaction Rule API Dash V4 #update with audience uploads black_list should upload users to white list" file="./spec/requests/dash/v4/transaction_rules_spec.rb" time="0.156281"></testcase>
<testcase classname="spec.requests.dash.v4.transaction_rules_spec" name="Transaction Rule API Dash V4 #update when chosen reward does not exist raises an error" file="./spec/requests/dash/v4/transaction_rules_spec.rb" time="0.045598"></testcase>
[...]
<testcase classname="spec.requests.v4.customers_spec" name="Customers Spec customers#signup missing phone/ password / last_name should raise errors" file="./spec/requests/v4/customers_spec.rb" time="0.041677"></testcase>
<testcase classname="spec.requests.v4.customers_spec" name="Customers Spec customers#signup invalid signup should raise error when email is invalid" file="./spec/requests/v4/customers_spec.rb" time="0.030335"></testcase>
<testcase classname="spec.requests.v4.customers_spec" name="Customers Spec customers#signup invalid signup should raise conflict error when existing user with active state is trying to register" file="./spec/requests/v4/customers_spec.rb" time="0.024487"></testcase>
<testcase classname="spec.requests.v4.customers_spec" name="Customers Spec customers#signup when there is a customer setting with verification method set should signup a user and send default otp message" file="./spec/requests/v4/customers_spec.rb" time="0.048229"></testcase>
<testcase classname="spec.requests.v4.customers_spec" name="Customers Spec customers#signup when there is a customer setting with verification method set verifies the signed phone number" file="./spec/requests/v4/customers_spec.rb" time="0.019348"></testcase>
<testcase classname="spec.requests.v4.customers_spec" name="Customers Spec customers#signup when there is a customer setting with verification method set should signup a user when new user is being registered" file="./spec/requests/v4/customers_spec.rb" time="0.045931"></testcase>
<testcase classname="spec.requests.v4.customers_spec" name="Customers Spec customers#signup when there is a customer setting with verification method set should signup a user and send configured otp message from setting" file="./spec/requests/v4/customers_spec.rb" time="0.048446"></testcase>
<testcase classname="spec.requests.v4.customers_spec" name="Customers Spec customers#signup when there is a customer setting with verification method set should update a user when existing user at initial state is trying to register" file="./spec/requests/v4/customers_spec.rb" time="0.041470"></testcase>
<testcase classname="spec.requests.v4.customers_spec" name="Customers Spec #change_phone with just Authorization header of App level token should raise forbidden error for id" file="./spec/requests/v4/customers_spec.rb" time="0.021525"></testcase>
<testcase classname="spec.requests.v4.customers_spec" name="Customers Spec #change_phone with user-id header should raise not found error" file="./spec/requests/v4/customers_spec.rb" time="0.025270"></testcase>
<testcase classname="spec.requests.v4.customers_spec" name="Customers Spec #change_phone with user-id header when user-id header and params id account are NOT the same should raise forbidden error" file="./spec/requests/v4/customers_spec.rb" time="0.022596"></testcase>
<testcase classname="spec.requests.v4.customers_spec" name="Customers Spec #change_phone with user-id header when user-id header and params id account are the same with correct otp should update customer phone number" file="./spec/requests/v4/customers_spec.rb" time="0.032555"></testcase>
<testcase classname="spec.requests.v4.customers_spec" name="Customers Spec #change_phone with user-id header when user-id header and params id account are the same with correct otp using existing phone number should raise conflict error" file="./spec/requests/v4/customers_spec.rb" time="0.023983"></testcase>
<testcase classname="spec.requests.v4.customers_spec" name="Customers Spec #change_phone with user-id header when user-id header and params id account are the same with wrong otp should not update customer phone number" file="./spec/requests/v4/customers_spec.rb" time="0.025504"></testcase>
<testcase classname="spec.requests.v4.customers_spec" name="Customers Spec customer#reset_password should fail when user is in inactive state" file="./spec/requests/v4/customers_spec.rb" time="0.022263"></testcase>
<testcase classname="spec.requests.v4.customers_spec" name="Customers Spec customer#reset_password should reset the password" file="./spec/requests/v4/customers_spec.rb" time="0.025306"></testcase>
<testcase classname="spec.requests.v4.customers_spec" name="Customers Spec customer#reset_password should fail when user is in initial state" file="./spec/requests/v4/customers_spec.rb" time="0.021767"></testcase>
<testcase classname="spec.requests.v4.customers_spec" name="Customers Spec #signin should signin successfully" file="./spec/requests/v4/customers_spec.rb" time="0.022333"></testcase>
<testcase classname="spec.requests.v4.customers_spec" name="Customers Spec #signin should return access_token with correct expires in time" file="./spec/requests/v4/customers_spec.rb" time="0.024968"></testcase>
<testcase classname="spec.requests.v4.customers_spec" name="Customers Spec #signin when customer password expires should raise access forbidden" file="./spec/requests/v4/customers_spec.rb" time="0.021238"></testcase>
<testcase classname="spec.requests.v4.customers_spec" name="Customers Spec #signin when customer is not active should raise access forbidden" file="./spec/requests/v4/customers_spec.rb" time="0.019688"></testcase>
<testcase classname="spec.requests.v4.customers_spec" name="Customers Spec #map_cardnumber valid mapping should successfully mapped the physical card" file="./spec/requests/v4/customers_spec.rb" time="0.107829"></testcase>
<testcase classname="spec.requests.v4.customers_spec" name="Customers Spec #map_cardnumber invalid mapping should fail when alredy mapped_customer try to map again" file="./spec/requests/v4/customers_spec.rb" time="0.084840"></testcase>
<testcase classname="spec.requests.v4.customers_spec" name="Customers Spec #map_cardnumber invalid mapping should fail when unmapped_customer try to map someone else physical card" file="./spec/requests/v4/customers_spec.rb" time="0.089766"></testcase>
<testcase classname="spec.requests.v4.customers_spec" name="Customers Spec #map_cardnumber invalid mapping should fail when unmapped_customer try to map the correct physical card but last name differ" file="./spec/requests/v4/customers_spec.rb" time="0.143113"></testcase>
<testcase classname="spec.requests.v4.customers_spec" name="Customers Spec #map_cardnumber invalid mapping should fail when cardnumber is not found" file="./spec/requests/v4/customers_spec.rb" time="0.083350"></testcase>
<testcase classname="spec.requests.v4.customers_spec" name="Customers Spec #verify_cardnumber when stored_value_account is alread marked as mapped should return bad response" file="./spec/requests/v4/customers_spec.rb" time="0.042410"></testcase>
<testcase classname="spec.requests.v4.customers_spec" name="Customers Spec #verify_cardnumber when stored_value_account is not yet marked as mapped should return not found response" file="./spec/requests/v4/customers_spec.rb" time="0.042701"></testcase>
<testcase classname="spec.requests.v4.customers_spec" name="Customers Spec #verify_cardnumber when stored_value_account is not yet marked as mapped should return not found response when cardnumber is same but different lastname" file="./spec/requests/v4/customers_spec.rb" time="0.052640"></testcase>
<testcase classname="spec.requests.v4.customers_spec" name="Customers Spec #verify_cardnumber when stored_value_account is not yet marked as mapped should return success response" file="./spec/requests/v4/customers_spec.rb" time="0.040908"></testcase>
<testcase classname="spec.requests.v4.customers_spec" name="Customers Spec customer#forget_password should fail when user is in initial state" file="./spec/requests/v4/customers_spec.rb" time="0.022549"></testcase>
<testcase classname="spec.requests.v4.customers_spec" name="Customers Spec customer#forget_password should send configured otp message from setting" file="./spec/requests/v4/customers_spec.rb" time="0.027691"></testcase>
<testcase classname="spec.requests.v4.customers_spec" name="Customers Spec customer#forget_password should send default otp message" file="./spec/requests/v4/customers_spec.rb" time="0.031495"></testcase>
<testcase classname="spec.requests.v4.customers_spec" name="Customers Spec customer#forget_password should fail when user is in inactive state" file="./spec/requests/v4/customers_spec.rb" time="0.025342"></testcase>
<testcase classname="spec.requests.v4.pos.transactions_spec" name="Transactions API (V4::Pos) Create transactions should create transaction if identifier and transaction params are valid" file="./spec/requests/v4/pos/transactions_spec.rb" time="0.025706"></testcase>
<testcase classname="spec.requests.v4.pos.transactions_spec" name="Transactions API (V4::Pos) Create transactions should raise access forbidden error if token is scoped to user_account" file="./spec/requests/v4/pos/transactions_spec.rb" time="0.019183"></testcase>
<testcase classname="spec.requests.v4.pos.transactions_spec" name="Transactions API (V4::Pos) Create transactions should raise not found error if identifier is not valid" file="./spec/requests/v4/pos/transactions_spec.rb" time="0.009195"></testcase>
<testcase classname="spec.requests.v4.pos.transactions_spec" name="Transactions API (V4::Pos) create transaction with user account identifier only params user_account[:identifier] should create transaction with user&apos;identifier" file="./spec/requests/v4/pos/transactions_spec.rb" time="0.019719"></testcase>
<testcase classname="spec.requests.v4.pos.transactions_spec" name="Transactions API (V4::Pos) create transaction with user account identifier when both user_account_id and user_account[:identifier] should create transaction with user_account_id value" file="./spec/requests/v4/pos/transactions_spec.rb" time="0.023837"></testcase>
<testcase classname="spec.requests.dash.v4.service_tags_spec" name="Service::Tag API Dash V4 #destroy should destroy" file="./spec/requests/dash/v4/service_tags_spec.rb" time="0.024191"></testcase>
<testcase classname="spec.requests.dash.v4.service_tags_spec" name="Service::Tag API Dash V4 #destroy should fails to destroy" file="./spec/requests/dash/v4/service_tags_spec.rb" time="0.019716"></testcase>
<testcase classname="spec.requests.dash.v4.service_tags_spec" name="Service::Tag API Dash V4 #delete_all should destroy all" file="./spec/requests/dash/v4/service_tags_spec.rb" time="0.054743"></testcase>
<testcase classname="spec.requests.dash.v4.service_tags_spec" name="Service::Tag API Dash V4 #delete_all should only destroy found service_tags" file="./spec/requests/dash/v4/service_tags_spec.rb" time="0.045395"></testcase>
<testcase classname="spec.requests.v4.merchant_admin.merchant_accounts_spec" name="MerchantUserAccount API ( V4::MerchantAdmin) GET /me current merchant is a merchant should returns merchant user account information" file="./spec/requests/v4/merchant_admin/merchant_accounts_spec.rb" time="0.049180"></testcase>
<testcase classname="spec.requests.v4.pos.authentication_spec" name="Authentication With incorrect token or not scoped to client_credentials raises 403 if token is not scoped to client_credentials" file="./spec/requests/v4/pos/authentication_spec.rb" time="0.021434"></testcase>
<testcase classname="spec.requests.v4.pos.authentication_spec" name="Authentication With incorrect token or not scoped to client_credentials raises 401 if incorrect token passed in Authorization header" file="./spec/requests/v4/pos/authentication_spec.rb" time="0.010169"></testcase>
<testcase classname="spec.requests.v4.pos.authentication_spec" name="Authentication With beaerer token should be able to access the API" file="./spec/requests/v4/pos/authentication_spec.rb" time="0.016288"></testcase>
<testcase classname="spec.requests.v4.authentication_spec" name="Authentication Redis raise Redis::CannotConnectError when unable to connect With incorrect token raises 401 if incorrect token is not present in Authorization header" file="./spec/requests/v4/authentication_spec.rb" time="0.010320"></testcase>
<testcase classname="spec.requests.v4.authentication_spec" name="Authentication Redis raise Redis::CannotConnectError when unable to connect With incorrect token raises 401 if token is not present in Authorization header" file="./spec/requests/v4/authentication_spec.rb" time="0.007926"></testcase>
<testcase classname="spec.requests.v4.authentication_spec" name="Authentication Redis raise Redis::CannotConnectError when unable to connect With incorrect token raises 401 if Bearer is not present in Authorization header" file="./spec/requests/v4/authentication_spec.rb" time="0.021336"></testcase>
<testcase classname="spec.requests.v4.authentication_spec" name="Authentication Redis raise Redis::CannotConnectError when unable to connect With bearer token with user-id authenticate success" file="./spec/requests/v4/authentication_spec.rb" time="0.039009"></testcase>
<testcase classname="spec.requests.v4.authentication_spec" name="Authentication Redis raise Redis::CannotConnectError when unable to connect With bearer token without user-id should raise error" file="./spec/requests/v4/authentication_spec.rb" time="0.022515"></testcase>
<testcase classname="spec.requests.v4.authentication_spec" name="Authentication With incorrect token raises 401 if token is not present in Authorization header" file="./spec/requests/v4/authentication_spec.rb" time="0.009258"></testcase>
<testcase classname="spec.requests.v4.authentication_spec" name="Authentication With incorrect token raises 401 if incorrect token is not present in Authorization header" file="./spec/requests/v4/authentication_spec.rb" time="0.009259"></testcase>
<testcase classname="spec.requests.v4.authentication_spec" name="Authentication With incorrect token raises 401 if Bearer is not present in Authorization header" file="./spec/requests/v4/authentication_spec.rb" time="0.022136"></testcase>
<testcase classname="spec.requests.v4.authentication_spec" name="Authentication With bearer token without user-id should raise error" file="./spec/requests/v4/authentication_spec.rb" time="0.022833"></testcase>
<testcase classname="spec.requests.v4.authentication_spec" name="Authentication With bearer token with user-id authenticate success" file="./spec/requests/v4/authentication_spec.rb" time="0.035682"></testcase>
<testcase classname="spec.requests.v4.merchant_admin.rewards_spec" name="Rewards API (V4::MerchantAdmin) #issue wihout user_id by merchant access token should raise forbidden error" file="./spec/requests/v4/merchant_admin/rewards_spec.rb" time="0.082979"></testcase>
<testcase classname="spec.requests.v4.merchant_admin.rewards_spec" name="Rewards API (V4::MerchantAdmin) #issue wihout user_id by user access token should raise forbidden error" file="./spec/requests/v4/merchant_admin/rewards_spec.rb" time="0.049393"></testcase>
<testcase classname="spec.requests.v4.merchant_admin.rewards_spec" name="Rewards API (V4::MerchantAdmin) #issue wihout user_id by client access token should raise forbidden error" file="./spec/requests/v4/merchant_admin/rewards_spec.rb" time="0.044139"></testcase>
<testcase classname="spec.requests.v4.merchant_admin.rewards_spec" name="Rewards API (V4::MerchantAdmin) #issue with user_id by merchant access token should allow issuing reward EVEN when merchant does not own the reward" file="./spec/requests/v4/merchant_admin/rewards_spec.rb" time="0.126118"></testcase>
<testcase classname="spec.requests.v4.merchant_admin.rewards_spec" name="Rewards API (V4::MerchantAdmin) #issue with user_id by merchant access token should return status ok when merchant owns the reward" file="./spec/requests/v4/merchant_admin/rewards_spec.rb" time="0.181707"></testcase>
<testcase classname="spec.requests.v4.merchant_admin.rewards_spec" name="Rewards API (V4::MerchantAdmin) #issue with user_id by user access token should raise access forbidden error" file="./spec/requests/v4/merchant_admin/rewards_spec.rb" time="0.051199"></testcase>
<testcase classname="spec.requests.v4.merchant_admin.rewards_spec" name="Rewards API (V4::MerchantAdmin) #issue with user_id by client access token should raise access forbidden error" file="./spec/requests/v4/merchant_admin/rewards_spec.rb" time="0.050123"></testcase>
<testcase classname="spec.requests.dash.v4.simple.personal_property_mappings_spec" name="Personal Property Mappings API Dash V4 get city mappings when not present setting type user_account_personal_properties_field_mappings should render default mappings" file="./spec/requests/dash/v4/simple/personal_property_mappings_spec.rb" time="0.016221"></testcase>
<testcase classname="spec.requests.dash.v4.simple.personal_property_mappings_spec" name="Personal Property Mappings API Dash V4 get city mappings when present setting type user_account_personal_properties_field_mappings when key city not has field_converter should not raise exception" file="./spec/requests/dash/v4/simple/personal_property_mappings_spec.rb" time="0.015510"></testcase>
<testcase classname="spec.requests.dash.v4.simple.personal_property_mappings_spec" name="Personal Property Mappings API Dash V4 get city mappings when present setting type user_account_personal_properties_field_mappings when json_value is nil should not raise exception" file="./spec/requests/dash/v4/simple/personal_property_mappings_spec.rb" time="0.015557"></testcase>
<testcase classname="spec.requests.dash.v4.simple.personal_property_mappings_spec" name="Personal Property Mappings API Dash V4 get city mappings when present setting type user_account_personal_properties_field_mappings when field_converter of key city not has mappings data should not raise exception" file="./spec/requests/dash/v4/simple/personal_property_mappings_spec.rb" time="0.015732"></testcase>
<testcase classname="spec.requests.dash.v4.simple.personal_property_mappings_spec" name="Personal Property Mappings API Dash V4 get city mappings when present setting type user_account_personal_properties_field_mappings when key city not present should not raise exception" file="./spec/requests/dash/v4/simple/personal_property_mappings_spec.rb" time="0.014560"></testcase>
<testcase classname="spec.requests.dash.v4.simple.personal_property_mappings_spec" name="Personal Property Mappings API Dash V4 get city mappings when present setting type user_account_personal_properties_field_mappings when key city has mappings data should render mappings data" file="./spec/requests/dash/v4/simple/personal_property_mappings_spec.rb" time="0.016761"></testcase>
<testcase classname="spec.requests.v4.loyalties.accounts_spec" name="Loyalty Accounts API (V4) #search #cardnumber returns empty when no match found" file="./spec/requests/v4/loyalties/accounts_spec.rb" time="0.132204"></testcase>
<testcase classname="spec.requests.v4.loyalties.accounts_spec" name="Loyalty Accounts API (V4) #search #cardnumber returns matched account" file="./spec/requests/v4/loyalties/accounts_spec.rb" time="0.120393"></testcase>
<testcase classname="spec.requests.v4.loyalties.accounts_spec" name="Loyalty Accounts API (V4) #search #cardnumber without user account should raise error" file="./spec/requests/v4/loyalties/accounts_spec.rb" time="0.115751"></testcase>
<testcase classname="spec.requests.v4.prices_spec" name="Reward Prices API (V4) #index params id is valid should not include the inactive reward price" file="./spec/requests/v4/prices_spec.rb" time="0.063174"></testcase>
<testcase classname="spec.requests.v4.prices_spec" name="Reward Prices API (V4) #index params id is valid should return reward prices success" file="./spec/requests/v4/prices_spec.rb" time="0.064009"></testcase>
<testcase classname="spec.requests.v4.prices_spec" name="Reward Prices API (V4) #index params id is invalid should return invalid Reward ID error" file="./spec/requests/v4/prices_spec.rb" time="0.059633"></testcase>
</testsuite>
